<?xml version="1.0" encoding="UTF-8"?>
<testsuite xmlns:xsi="http://www.w3.org/2001/XMLSchema-instance" xsi:noNamespaceSchemaLocation="https://maven.apache.org/surefire/maven-surefire-plugin/xsd/surefire-test-report-3.0.xsd" version="3.0" name="TestSuite" time="76.689" tests="2" errors="0" skipped="0" failures="0">
  <properties>
    <property name="java.specification.version" value="23"/>
    <property name="sun.cpu.isalist" value="amd64"/>
    <property name="sun.jnu.encoding" value="Cp1252"/>
    <property name="java.class.path" value="C:\Users\gopik\eclipse-workspace\FrameWorkDemo\target\test-classes;C:\Users\gopik\eclipse-workspace\FrameWorkDemo\target\classes;C:\Users\gopik\.m2\repository\org\seleniumhq\selenium\selenium-java\4.27.0\selenium-java-4.27.0.jar;C:\Users\gopik\.m2\repository\org\seleniumhq\selenium\selenium-api\4.27.0\selenium-api-4.27.0.jar;C:\Users\gopik\.m2\repository\org\jspecify\jspecify\1.0.0\jspecify-1.0.0.jar;C:\Users\gopik\.m2\repository\org\seleniumhq\selenium\selenium-chrome-driver\4.27.0\selenium-chrome-driver-4.27.0.jar;C:\Users\gopik\.m2\repository\com\google\auto\service\auto-service-annotations\1.1.1\auto-service-annotations-1.1.1.jar;C:\Users\gopik\.m2\repository\org\seleniumhq\selenium\selenium-chromium-driver\4.27.0\selenium-chromium-driver-4.27.0.jar;C:\Users\gopik\.m2\repository\org\seleniumhq\selenium\selenium-json\4.27.0\selenium-json-4.27.0.jar;C:\Users\gopik\.m2\repository\org\seleniumhq\selenium\selenium-manager\4.27.0\selenium-manager-4.27.0.jar;C:\Users\gopik\.m2\repository\org\seleniumhq\selenium\selenium-devtools-v129\4.27.0\selenium-devtools-v129-4.27.0.jar;C:\Users\gopik\.m2\repository\org\seleniumhq\selenium\selenium-devtools-v130\4.27.0\selenium-devtools-v130-4.27.0.jar;C:\Users\gopik\.m2\repository\org\seleniumhq\selenium\selenium-devtools-v131\4.27.0\selenium-devtools-v131-4.27.0.jar;C:\Users\gopik\.m2\repository\org\seleniumhq\selenium\selenium-devtools-v85\4.27.0\selenium-devtools-v85-4.27.0.jar;C:\Users\gopik\.m2\repository\org\seleniumhq\selenium\selenium-edge-driver\4.27.0\selenium-edge-driver-4.27.0.jar;C:\Users\gopik\.m2\repository\org\seleniumhq\selenium\selenium-firefox-driver\4.27.0\selenium-firefox-driver-4.27.0.jar;C:\Users\gopik\.m2\repository\org\seleniumhq\selenium\selenium-http\4.27.0\selenium-http-4.27.0.jar;C:\Users\gopik\.m2\repository\dev\failsafe\failsafe\3.3.2\failsafe-3.3.2.jar;C:\Users\gopik\.m2\repository\org\seleniumhq\selenium\selenium-ie-driver\4.27.0\selenium-ie-driver-4.27.0.jar;C:\Users\gopik\.m2\repository\org\seleniumhq\selenium\selenium-remote-driver\4.27.0\selenium-remote-driver-4.27.0.jar;C:\Users\gopik\.m2\repository\com\google\guava\guava\33.3.1-jre\guava-33.3.1-jre.jar;C:\Users\gopik\.m2\repository\com\google\guava\failureaccess\1.0.2\failureaccess-1.0.2.jar;C:\Users\gopik\.m2\repository\com\google\guava\listenablefuture\9999.0-empty-to-avoid-conflict-with-guava\listenablefuture-9999.0-empty-to-avoid-conflict-with-guava.jar;C:\Users\gopik\.m2\repository\com\google\code\findbugs\jsr305\3.0.2\jsr305-3.0.2.jar;C:\Users\gopik\.m2\repository\org\checkerframework\checker-qual\3.43.0\checker-qual-3.43.0.jar;C:\Users\gopik\.m2\repository\com\google\errorprone\error_prone_annotations\2.28.0\error_prone_annotations-2.28.0.jar;C:\Users\gopik\.m2\repository\com\google\j2objc\j2objc-annotations\3.0.0\j2objc-annotations-3.0.0.jar;C:\Users\gopik\.m2\repository\io\opentelemetry\semconv\opentelemetry-semconv\1.25.0-alpha\opentelemetry-semconv-1.25.0-alpha.jar;C:\Users\gopik\.m2\repository\io\opentelemetry\opentelemetry-api\1.44.1\opentelemetry-api-1.44.1.jar;C:\Users\gopik\.m2\repository\io\opentelemetry\opentelemetry-context\1.44.1\opentelemetry-context-1.44.1.jar;C:\Users\gopik\.m2\repository\io\opentelemetry\opentelemetry-exporter-logging\1.44.1\opentelemetry-exporter-logging-1.44.1.jar;C:\Users\gopik\.m2\repository\io\opentelemetry\opentelemetry-sdk-common\1.44.1\opentelemetry-sdk-common-1.44.1.jar;C:\Users\gopik\.m2\repository\io\opentelemetry\opentelemetry-sdk-extension-autoconfigure-spi\1.44.1\opentelemetry-sdk-extension-autoconfigure-spi-1.44.1.jar;C:\Users\gopik\.m2\repository\io\opentelemetry\opentelemetry-sdk-extension-autoconfigure\1.44.1\opentelemetry-sdk-extension-autoconfigure-1.44.1.jar;C:\Users\gopik\.m2\repository\io\opentelemetry\opentelemetry-api-incubator\1.44.1-alpha\opentelemetry-api-incubator-1.44.1-alpha.jar;C:\Users\gopik\.m2\repository\io\opentelemetry\opentelemetry-sdk-trace\1.44.1\opentelemetry-sdk-trace-1.44.1.jar;C:\Users\gopik\.m2\repository\io\opentelemetry\opentelemetry-sdk\1.44.1\opentelemetry-sdk-1.44.1.jar;C:\Users\gopik\.m2\repository\io\opentelemetry\opentelemetry-sdk-metrics\1.44.1\opentelemetry-sdk-metrics-1.44.1.jar;C:\Users\gopik\.m2\repository\io\opentelemetry\opentelemetry-sdk-logs\1.44.1\opentelemetry-sdk-logs-1.44.1.jar;C:\Users\gopik\.m2\repository\net\bytebuddy\byte-buddy\1.15.10\byte-buddy-1.15.10.jar;C:\Users\gopik\.m2\repository\org\seleniumhq\selenium\selenium-os\4.27.0\selenium-os-4.27.0.jar;C:\Users\gopik\.m2\repository\org\apache\commons\commons-exec\1.4.0\commons-exec-1.4.0.jar;C:\Users\gopik\.m2\repository\org\seleniumhq\selenium\selenium-safari-driver\4.27.0\selenium-safari-driver-4.27.0.jar;C:\Users\gopik\.m2\repository\org\seleniumhq\selenium\selenium-support\4.27.0\selenium-support-4.27.0.jar;C:\Users\gopik\.m2\repository\org\apache\poi\poi\5.3.0\poi-5.3.0.jar;C:\Users\gopik\.m2\repository\commons-codec\commons-codec\1.17.0\commons-codec-1.17.0.jar;C:\Users\gopik\.m2\repository\org\apache\commons\commons-collections4\4.4\commons-collections4-4.4.jar;C:\Users\gopik\.m2\repository\org\apache\commons\commons-math3\3.6.1\commons-math3-3.6.1.jar;C:\Users\gopik\.m2\repository\com\zaxxer\SparseBitSet\1.3\SparseBitSet-1.3.jar;C:\Users\gopik\.m2\repository\org\apache\poi\poi-ooxml-full\5.3.0\poi-ooxml-full-5.3.0.jar;C:\Users\gopik\.m2\repository\org\apache\xmlbeans\xmlbeans\5.2.1\xmlbeans-5.2.1.jar;C:\Users\gopik\.m2\repository\org\apache\logging\log4j\log4j-api\2.20.0\log4j-api-2.20.0.jar;C:\Users\gopik\.m2\repository\org\apache\logging\log4j\log4j-core\2.20.0\log4j-core-2.20.0.jar;C:\Users\gopik\.m2\repository\org\apache\logging\log4j\log4j-slf4j-impl\2.20.0\log4j-slf4j-impl-2.20.0.jar;C:\Users\gopik\.m2\repository\org\slf4j\slf4j-api\1.7.25\slf4j-api-1.7.25.jar;C:\Users\gopik\.m2\repository\commons-io\commons-io\2.18.0\commons-io-2.18.0.jar;C:\Users\gopik\.m2\repository\org\apache\commons\commons-lang3\3.17.0\commons-lang3-3.17.0.jar;C:\Users\gopik\.m2\repository\org\testng\testng\7.10.2\testng-7.10.2.jar;C:\Users\gopik\.m2\repository\com\beust\jcommander\1.82\jcommander-1.82.jar;C:\Users\gopik\.m2\repository\org\webjars\jquery\3.7.1\jquery-3.7.1.jar;C:\Users\gopik\.m2\repository\com\aventstack\extentreports\5.1.2\extentreports-5.1.2.jar;C:\Users\gopik\.m2\repository\io\reactivex\rxjava3\rxjava\3.1.6\rxjava-3.1.6.jar;C:\Users\gopik\.m2\repository\org\reactivestreams\reactive-streams\1.0.4\reactive-streams-1.0.4.jar;C:\Users\gopik\.m2\repository\org\freemarker\freemarker\2.3.32\freemarker-2.3.32.jar;C:\Users\gopik\.m2\repository\org\projectlombok\lombok\1.18.26\lombok-1.18.26.jar;C:\Users\gopik\.m2\repository\com\google\code\gson\gson\2.10.1\gson-2.10.1.jar;"/>
    <property name="java.vm.vendor" value="Oracle Corporation"/>
    <property name="sun.arch.data.model" value="64"/>
    <property name="user.variant" value=""/>
    <property name="java.vendor.url" value="https://java.oracle.com/"/>
    <property name="user.timezone" value="Asia/Calcutta"/>
    <property name="os.name" value="Windows 10"/>
    <property name="java.vm.specification.version" value="23"/>
    <property name="sun.java.launcher" value="SUN_STANDARD"/>
    <property name="user.country" value="IN"/>
    <property name="sun.boot.library.path" value="C:\Program Files\Java\jdk-23\bin"/>
    <property name="sun.java.command" value="C:\Users\gopik\AppData\Local\Temp\surefire3036395546697625083\surefirebooter-20241231163304201_3.jar C:\Users\gopik\AppData\Local\Temp\surefire3036395546697625083 2024-12-31T16-33-04_001-jvmRun1 surefire-20241231163304201_1tmp surefire_0-20241231163304201_2tmp"/>
    <property name="jdk.debug" value="release"/>
    <property name="surefire.test.class.path" value="C:\Users\gopik\eclipse-workspace\FrameWorkDemo\target\test-classes;C:\Users\gopik\eclipse-workspace\FrameWorkDemo\target\classes;C:\Users\gopik\.m2\repository\org\seleniumhq\selenium\selenium-java\4.27.0\selenium-java-4.27.0.jar;C:\Users\gopik\.m2\repository\org\seleniumhq\selenium\selenium-api\4.27.0\selenium-api-4.27.0.jar;C:\Users\gopik\.m2\repository\org\jspecify\jspecify\1.0.0\jspecify-1.0.0.jar;C:\Users\gopik\.m2\repository\org\seleniumhq\selenium\selenium-chrome-driver\4.27.0\selenium-chrome-driver-4.27.0.jar;C:\Users\gopik\.m2\repository\com\google\auto\service\auto-service-annotations\1.1.1\auto-service-annotations-1.1.1.jar;C:\Users\gopik\.m2\repository\org\seleniumhq\selenium\selenium-chromium-driver\4.27.0\selenium-chromium-driver-4.27.0.jar;C:\Users\gopik\.m2\repository\org\seleniumhq\selenium\selenium-json\4.27.0\selenium-json-4.27.0.jar;C:\Users\gopik\.m2\repository\org\seleniumhq\selenium\selenium-manager\4.27.0\selenium-manager-4.27.0.jar;C:\Users\gopik\.m2\repository\org\seleniumhq\selenium\selenium-devtools-v129\4.27.0\selenium-devtools-v129-4.27.0.jar;C:\Users\gopik\.m2\repository\org\seleniumhq\selenium\selenium-devtools-v130\4.27.0\selenium-devtools-v130-4.27.0.jar;C:\Users\gopik\.m2\repository\org\seleniumhq\selenium\selenium-devtools-v131\4.27.0\selenium-devtools-v131-4.27.0.jar;C:\Users\gopik\.m2\repository\org\seleniumhq\selenium\selenium-devtools-v85\4.27.0\selenium-devtools-v85-4.27.0.jar;C:\Users\gopik\.m2\repository\org\seleniumhq\selenium\selenium-edge-driver\4.27.0\selenium-edge-driver-4.27.0.jar;C:\Users\gopik\.m2\repository\org\seleniumhq\selenium\selenium-firefox-driver\4.27.0\selenium-firefox-driver-4.27.0.jar;C:\Users\gopik\.m2\repository\org\seleniumhq\selenium\selenium-http\4.27.0\selenium-http-4.27.0.jar;C:\Users\gopik\.m2\repository\dev\failsafe\failsafe\3.3.2\failsafe-3.3.2.jar;C:\Users\gopik\.m2\repository\org\seleniumhq\selenium\selenium-ie-driver\4.27.0\selenium-ie-driver-4.27.0.jar;C:\Users\gopik\.m2\repository\org\seleniumhq\selenium\selenium-remote-driver\4.27.0\selenium-remote-driver-4.27.0.jar;C:\Users\gopik\.m2\repository\com\google\guava\guava\33.3.1-jre\guava-33.3.1-jre.jar;C:\Users\gopik\.m2\repository\com\google\guava\failureaccess\1.0.2\failureaccess-1.0.2.jar;C:\Users\gopik\.m2\repository\com\google\guava\listenablefuture\9999.0-empty-to-avoid-conflict-with-guava\listenablefuture-9999.0-empty-to-avoid-conflict-with-guava.jar;C:\Users\gopik\.m2\repository\com\google\code\findbugs\jsr305\3.0.2\jsr305-3.0.2.jar;C:\Users\gopik\.m2\repository\org\checkerframework\checker-qual\3.43.0\checker-qual-3.43.0.jar;C:\Users\gopik\.m2\repository\com\google\errorprone\error_prone_annotations\2.28.0\error_prone_annotations-2.28.0.jar;C:\Users\gopik\.m2\repository\com\google\j2objc\j2objc-annotations\3.0.0\j2objc-annotations-3.0.0.jar;C:\Users\gopik\.m2\repository\io\opentelemetry\semconv\opentelemetry-semconv\1.25.0-alpha\opentelemetry-semconv-1.25.0-alpha.jar;C:\Users\gopik\.m2\repository\io\opentelemetry\opentelemetry-api\1.44.1\opentelemetry-api-1.44.1.jar;C:\Users\gopik\.m2\repository\io\opentelemetry\opentelemetry-context\1.44.1\opentelemetry-context-1.44.1.jar;C:\Users\gopik\.m2\repository\io\opentelemetry\opentelemetry-exporter-logging\1.44.1\opentelemetry-exporter-logging-1.44.1.jar;C:\Users\gopik\.m2\repository\io\opentelemetry\opentelemetry-sdk-common\1.44.1\opentelemetry-sdk-common-1.44.1.jar;C:\Users\gopik\.m2\repository\io\opentelemetry\opentelemetry-sdk-extension-autoconfigure-spi\1.44.1\opentelemetry-sdk-extension-autoconfigure-spi-1.44.1.jar;C:\Users\gopik\.m2\repository\io\opentelemetry\opentelemetry-sdk-extension-autoconfigure\1.44.1\opentelemetry-sdk-extension-autoconfigure-1.44.1.jar;C:\Users\gopik\.m2\repository\io\opentelemetry\opentelemetry-api-incubator\1.44.1-alpha\opentelemetry-api-incubator-1.44.1-alpha.jar;C:\Users\gopik\.m2\repository\io\opentelemetry\opentelemetry-sdk-trace\1.44.1\opentelemetry-sdk-trace-1.44.1.jar;C:\Users\gopik\.m2\repository\io\opentelemetry\opentelemetry-sdk\1.44.1\opentelemetry-sdk-1.44.1.jar;C:\Users\gopik\.m2\repository\io\opentelemetry\opentelemetry-sdk-metrics\1.44.1\opentelemetry-sdk-metrics-1.44.1.jar;C:\Users\gopik\.m2\repository\io\opentelemetry\opentelemetry-sdk-logs\1.44.1\opentelemetry-sdk-logs-1.44.1.jar;C:\Users\gopik\.m2\repository\net\bytebuddy\byte-buddy\1.15.10\byte-buddy-1.15.10.jar;C:\Users\gopik\.m2\repository\org\seleniumhq\selenium\selenium-os\4.27.0\selenium-os-4.27.0.jar;C:\Users\gopik\.m2\repository\org\apache\commons\commons-exec\1.4.0\commons-exec-1.4.0.jar;C:\Users\gopik\.m2\repository\org\seleniumhq\selenium\selenium-safari-driver\4.27.0\selenium-safari-driver-4.27.0.jar;C:\Users\gopik\.m2\repository\org\seleniumhq\selenium\selenium-support\4.27.0\selenium-support-4.27.0.jar;C:\Users\gopik\.m2\repository\org\apache\poi\poi\5.3.0\poi-5.3.0.jar;C:\Users\gopik\.m2\repository\commons-codec\commons-codec\1.17.0\commons-codec-1.17.0.jar;C:\Users\gopik\.m2\repository\org\apache\commons\commons-collections4\4.4\commons-collections4-4.4.jar;C:\Users\gopik\.m2\repository\org\apache\commons\commons-math3\3.6.1\commons-math3-3.6.1.jar;C:\Users\gopik\.m2\repository\com\zaxxer\SparseBitSet\1.3\SparseBitSet-1.3.jar;C:\Users\gopik\.m2\repository\org\apache\poi\poi-ooxml-full\5.3.0\poi-ooxml-full-5.3.0.jar;C:\Users\gopik\.m2\repository\org\apache\xmlbeans\xmlbeans\5.2.1\xmlbeans-5.2.1.jar;C:\Users\gopik\.m2\repository\org\apache\logging\log4j\log4j-api\2.20.0\log4j-api-2.20.0.jar;C:\Users\gopik\.m2\repository\org\apache\logging\log4j\log4j-core\2.20.0\log4j-core-2.20.0.jar;C:\Users\gopik\.m2\repository\org\apache\logging\log4j\log4j-slf4j-impl\2.20.0\log4j-slf4j-impl-2.20.0.jar;C:\Users\gopik\.m2\repository\org\slf4j\slf4j-api\1.7.25\slf4j-api-1.7.25.jar;C:\Users\gopik\.m2\repository\commons-io\commons-io\2.18.0\commons-io-2.18.0.jar;C:\Users\gopik\.m2\repository\org\apache\commons\commons-lang3\3.17.0\commons-lang3-3.17.0.jar;C:\Users\gopik\.m2\repository\org\testng\testng\7.10.2\testng-7.10.2.jar;C:\Users\gopik\.m2\repository\com\beust\jcommander\1.82\jcommander-1.82.jar;C:\Users\gopik\.m2\repository\org\webjars\jquery\3.7.1\jquery-3.7.1.jar;C:\Users\gopik\.m2\repository\com\aventstack\extentreports\5.1.2\extentreports-5.1.2.jar;C:\Users\gopik\.m2\repository\io\reactivex\rxjava3\rxjava\3.1.6\rxjava-3.1.6.jar;C:\Users\gopik\.m2\repository\org\reactivestreams\reactive-streams\1.0.4\reactive-streams-1.0.4.jar;C:\Users\gopik\.m2\repository\org\freemarker\freemarker\2.3.32\freemarker-2.3.32.jar;C:\Users\gopik\.m2\repository\org\projectlombok\lombok\1.18.26\lombok-1.18.26.jar;C:\Users\gopik\.m2\repository\com\google\code\gson\gson\2.10.1\gson-2.10.1.jar;"/>
    <property name="sun.cpu.endian" value="little"/>
    <property name="user.home" value="C:\Users\gopik"/>
    <property name="user.language" value="en"/>
    <property name="java.specification.vendor" value="Oracle Corporation"/>
    <property name="java.version.date" value="2024-10-15"/>
    <property name="java.home" value="C:\Program Files\Java\jdk-23"/>
    <property name="file.separator" value="\"/>
    <property name="basedir" value="C:\Users\gopik\eclipse-workspace\FrameWorkDemo"/>
    <property name="java.vm.compressedOopsMode" value="32-bit"/>
    <property name="line.separator" value="&#10;"/>
    <property name="java.vm.specification.vendor" value="Oracle Corporation"/>
    <property name="java.specification.name" value="Java Platform API Specification"/>
    <property name="surefire.real.class.path" value="C:\Users\gopik\AppData\Local\Temp\surefire3036395546697625083\surefirebooter-20241231163304201_3.jar"/>
    <property name="user.script" value=""/>
    <property name="sun.management.compiler" value="HotSpot 64-Bit Tiered Compilers"/>
    <property name="java.runtime.version" value="23.0.1+11-39"/>
    <property name="user.name" value="gopik"/>
    <property name="stdout.encoding" value="Cp1252"/>
    <property name="path.separator" value=";"/>
    <property name="os.version" value="10.0"/>
    <property name="java.runtime.name" value="Java(TM) SE Runtime Environment"/>
    <property name="file.encoding" value="UTF-8"/>
    <property name="java.vm.name" value="Java HotSpot(TM) 64-Bit Server VM"/>
    <property name="localRepository" value="C:\Users\gopik\.m2\repository"/>
    <property name="java.vendor.url.bug" value="https://bugreport.java.com/bugreport/"/>
    <property name="java.io.tmpdir" value="C:\Users\gopik\AppData\Local\Temp\"/>
    <property name="java.version" value="23.0.1"/>
    <property name="user.dir" value="C:\Users\gopik\eclipse-workspace\FrameWorkDemo"/>
    <property name="os.arch" value="amd64"/>
    <property name="java.vm.specification.name" value="Java Virtual Machine Specification"/>
    <property name="sun.os.patch.level" value=""/>
    <property name="native.encoding" value="Cp1252"/>
    <property name="java.library.path" value="C:\Program Files\Java\jdk-23\bin;C:\WINDOWS\Sun\Java\bin;C:\WINDOWS\system32;C:\WINDOWS;C:\Program Files\Common Files\Oracle\Java\javapath;C:\Python312\Scripts\;C:\Python312\;C:\WINDOWS\system32;C:\WINDOWS;C:\WINDOWS\System32\Wbem;C:\WINDOWS\System32\WindowsPowerShell\v1.0\;C:\WINDOWS\System32\OpenSSH\;C:\Program Files\nodejs\;C:\ProgramData\chocolatey\bin;C:\Program Files (x86)\Microsoft SQL Server\160\DTS\Binn\;C:\Program Files (x86)\Microsoft SQL Server\160\Tools\Binn\;C:\Program Files\Microsoft SQL Server\160\Tools\Binn\;C:\Program Files\Microsoft SQL Server\Client SDK\ODBC\170\Tools\Binn\;C:\Program Files\Microsoft SQL Server\160\DTS\Binn\;C:\Program Files\Java\jdk-23\bin;C:\Program Files\apache-maven-3.9.9\bin;C:\Users\gopik\AppData\Local\Microsoft\WindowsApps;C:\Users\gopik\AppData\Roaming\npm;."/>
    <property name="java.vm.info" value="mixed mode, sharing"/>
    <property name="stderr.encoding" value="Cp1252"/>
    <property name="java.vendor" value="Oracle Corporation"/>
    <property name="java.vm.version" value="23.0.1+11-39"/>
    <property name="sun.io.unicode.encoding" value="UnicodeLittle"/>
    <property name="java.class.version" value="67.0"/>
  </properties>
  <testcase name="verifyRegistration" classname="testCases.TC_OpenCart_001" time="43.308">
    <system-out><![CDATA[DEBUG - suiteXmlPath: "C:\Users\gopik\eclipse-workspace\FrameWorkDemo\testng.xml"
TRACE - [Graph] ADDING NODE BaseClass.setup(java.lang.String)[pri:0, instance:null] -268687008
TRACE - [Graph] ================ SORTING
TRACE - [Graph] =============== DONE SORTING
TRACE - [Graph] ====== SORTED NODES
TRACE - [Graph] ====== END SORTED NODES
TRACE - [Graph] ADDING NODE BaseClass.tearDown()[pri:0, instance:null] 1974651191
TRACE - [Graph] ================ SORTING
TRACE - [Graph] =============== DONE SORTING
TRACE - [Graph] ====== SORTED NODES
TRACE - [Graph] ====== END SORTED NODES
TRACE - [Graph] ADDING NODE BaseClass.setup(java.lang.String)[pri:0, instance:null] -268687008
TRACE - [Graph] ================ SORTING
TRACE - [Graph] =============== DONE SORTING
TRACE - [Graph] ====== SORTED NODES
TRACE - [Graph] ====== END SORTED NODES
TRACE - [Graph] ADDING NODE BaseClass.tearDown()[pri:0, instance:null] 1974651191
TRACE - [Graph] ================ SORTING
TRACE - [Graph] =============== DONE SORTING
TRACE - [Graph] ====== SORTED NODES
TRACE - [Graph] ====== END SORTED NODES
TRACE - [Graph] ADDING NODE TC_OpenCart_001.verifyRegistration()[pri:0, instance:testCases.TC_OpenCart_001@6b7906b3] -1045346057
TRACE - [Graph] ADDING NODE TC_OpenCart_002.verifylogin()[pri:0, instance:testCases.TC_OpenCart_002@256f8274] 1888294389
TRACE - [Graph] ================ SORTING
TRACE - [Graph] =============== DONE SORTING
TRACE - [Graph] ====== SORTED NODES
TRACE - [Graph] ====== END SORTED NODES
INFO - **************Started verifyRegistration*************************
INFO - **************Clicked register *************************
]]></system-out>
  </testcase>
  <testcase name="verifylogin" classname="testCases.TC_OpenCart_002" time="2.027">
    <system-out><![CDATA[INFO - ****************Execution started*************************************
]]></system-out>
    <system-err><![CDATA[Dec 31, 2024 4:34:02 PM org.openqa.selenium.remote.http.WebSocket$Listener onError
WARNING: Connection reset
java.net.SocketException: Connection reset
	at java.base/sun.nio.ch.SocketChannelImpl.throwConnectionReset(SocketChannelImpl.java:403)
	at java.base/sun.nio.ch.SocketChannelImpl.implRead(SocketChannelImpl.java:435)
	at java.base/sun.nio.ch.SocketChannelImpl.read(SocketChannelImpl.java:493)
	at java.net.http/jdk.internal.net.http.SocketTube.readAvailable(SocketTube.java:1178)
	at java.net.http/jdk.internal.net.http.SocketTube$InternalReadPublisher$InternalReadSubscription.read(SocketTube.java:841)
	at java.net.http/jdk.internal.net.http.SocketTube$SocketFlowTask.run(SocketTube.java:181)
	at java.net.http/jdk.internal.net.http.common.SequentialScheduler$SchedulableTask.run(SequentialScheduler.java:207)
	at java.net.http/jdk.internal.net.http.common.SequentialScheduler.runOrSchedule(SequentialScheduler.java:280)
	at java.net.http/jdk.internal.net.http.common.SequentialScheduler.runOrSchedule(SequentialScheduler.java:233)
	at java.net.http/jdk.internal.net.http.SocketTube$InternalReadPublisher$InternalReadSubscription.signalReadable(SocketTube.java:782)
	at java.net.http/jdk.internal.net.http.SocketTube$InternalReadPublisher$ReadEvent.signalEvent(SocketTube.java:965)
	at java.net.http/jdk.internal.net.http.SocketTube$SocketFlowEvent.handle(SocketTube.java:253)
	at java.net.http/jdk.internal.net.http.HttpClientImpl$SelectorManager.handleEvent(HttpClientImpl.java:1478)
	at java.net.http/jdk.internal.net.http.HttpClientImpl$SelectorManager.lambda$run$3(HttpClientImpl.java:1423)
	at java.base/java.util.ArrayList.forEach(ArrayList.java:1597)
	at java.net.http/jdk.internal.net.http.HttpClientImpl$SelectorManager.run(HttpClientImpl.java:1423)

]]></system-err>
  </testcase>
</testsuite>