<?xml version="1.0" encoding="UTF-8"?>
<!-- Generated by org.testng.reporters.JUnitReportReporter -->
<testsuite hostname="LAPTOP-D2VQIOE2" failures="0" tests="1" name="testCases.TC_OpenCart_001" time="43.205" errors="0" timestamp="2024-12-31T16:34:21 IST" skipped="0">
  <testcase classname="testCases.TC_OpenCart_001" name="verifyRegistration" time="43.205"/>
</testsuite> <!-- testCases.TC_OpenCart_001 -->
